DEBUG:root:This message should go to the log file
INFO:root:So should this
DEBUG:root:This message should go to the log file
INFO:root:So should this
DEBUG:root:This message should go to the log file
INFO:root:So should this
DEBUG:root:This message should go to the log file
INFO:root:So should this
DEBUG:root:This message should go to the log file
INFO:root:So should this
DEBUG:root:This message should go to the log file
INFO:root:So should this
DEBUG:root:This message should go to the log file
INFO:root:So should this
DEBUG:root:This message should go to the log file
INFO:root:So should this
DEBUG:root:This message should go to the log file
INFO:root:So should this
DEBUG:root:This message should go to the log file
INFO:root:So should this
DEBUG:root:This message should go to the log file
INFO:root:So should this
DEBUG:root:This message should go to the log file
INFO:root:So should this
DEBUG:root:This message should go to the log file
INFO:root:So should this
DEBUG:root:This message should go to the log file
INFO:root:So should this
DEBUG:root:This message should go to the log file
INFO:root:So should this
DEBUG:root:This message should go to the log file
INFO:root:So should this
DEBUG:root:This message should go to the log file
INFO:root:So should this
DEBUG:root:This message should go to the log file
INFO:root:So should this
DEBUG:root:This message should go to the log file
INFO:root:So should this
DEBUG:root:This message should go to the log file
INFO:root:So should this
DEBUG:root:This message should go to the log file
INFO:root:So should this
DEBUG:root:This message should go to the log file
INFO:root:So should this
DEBUG:root:This message should go to the log file
INFO:root:So should this
DEBUG:root:This message should go to the log file
INFO:root:So should this
DEBUG:root:This message should go to the log file
INFO:root:So should this
DEBUG:root:This message should go to the log file
INFO:root:So should this
DEBUG:root:This message should go to the log file
INFO:root:So should this
DEBUG:root:This message should go to the log file
INFO:root:So should this
DEBUG:root:This message should go to the log file
INFO:root:So should this
DEBUG:root:This message should go to the log file
INFO:root:So should this
DEBUG:root:This message should go to the log file
INFO:root:So should this
DEBUG:root:This message should go to the log file
INFO:root:So should this
DEBUG:root:This message should go to the log file
INFO:root:So should this
DEBUG:root:This message should go to the log file
INFO:root:So should this
DEBUG:root:This message should go to the log file
INFO:root:So should this
DEBUG:root:This message should go to the log file
INFO:root:So should this
DEBUG:root:This message should go to the log file
INFO:root:So should this
DEBUG:root:This message should go to the log file
INFO:root:So should this
DEBUG:root:This message should go to the log file
INFO:root:So should this
DEBUG:root:This message should go to the log file
INFO:root:So should this
DEBUG:root:This message should go to the log file
INFO:root:So should this
DEBUG:root:This message should go to the log file
INFO:root:So should this
DEBUG:root:This message should go to the log file
INFO:root:So should this
DEBUG:root:This message should go to the log file
INFO:root:So should this
DEBUG:root:This message should go to the log file
INFO:root:So should this
DEBUG:root:This message should go to the log file
INFO:root:So should this
DEBUG:root:This message should go to the log file
INFO:root:So should this
DEBUG:root:This message should go to the log file
INFO:root:So should this
DEBUG:root:This message should go to the log file
INFO:root:So should this
DEBUG:root:This message should go to the log file
INFO:root:So should this
DEBUG:root:This message should go to the log file
INFO:root:So should this
DEBUG:root:This message should go to the log file
INFO:root:So should this
DEBUG:root:This message should go to the log file
INFO:root:So should this
DEBUG:root:This message should go to the log file
INFO:root:So should this
DEBUG:root:This message should go to the log file
INFO:root:So should this
DEBUG:root:This message should go to the log file
INFO:root:So should this
DEBUG:root:This message should go to the log file
INFO:root:So should this
DEBUG:root:This message should go to the log file
INFO:root:So should this
DEBUG:root:This message should go to the log file
INFO:root:So should this
DEBUG:root:This message should go to the log file
INFO:root:So should this
DEBUG:root:This message should go to the log file
INFO:root:So should this
DEBUG:root:This message should go to the log file
INFO:root:So should this
DEBUG:root:This message should go to the log file
INFO:root:So should this
DEBUG:root:This message should go to the log file
INFO:root:So should this
DEBUG:root:This message should go to the log file
INFO:root:So should this
DEBUG:root:This message should go to the log file
INFO:root:So should this
DEBUG:root:This message should go to the log file
INFO:root:So should this
DEBUG:root:This message should go to the log file
INFO:root:So should this
DEBUG:root:This message should go to the log file
INFO:root:So should this
DEBUG:root:This message should go to the log file
INFO:root:So should this
DEBUG:root:This message should go to the log file
INFO:root:So should this
DEBUG:root:This message should go to the log file
INFO:root:So should this
DEBUG:root:This message should go to the log file
INFO:root:So should this
DEBUG:root:This message should go to the log file
INFO:root:So should this
DEBUG:root:This message should go to the log file
INFO:root:So should this
DEBUG:root:This message should go to the log file
INFO:root:So should this
DEBUG:root:This message should go to the log file
INFO:root:So should this
DEBUG:root:This message should go to the log file
INFO:root:So should this
DEBUG:root:This message should go to the log file
INFO:root:So should this
DEBUG:root:This message should go to the log file
INFO:root:So should this
DEBUG:root:This message should go to the log file
INFO:root:So should this
DEBUG:root:This message should go to the log file
INFO:root:So should this
DEBUG:root:This message should go to the log file
INFO:root:So should this
DEBUG:root:This message should go to the log file
INFO:root:So should this
DEBUG:root:This message should go to the log file
INFO:root:So should this
DEBUG:root:This message should go to the log file
INFO:root:So should this
DEBUG:root:This message should go to the log file
INFO:root:So should this
DEBUG:root:This message should go to the log file
INFO:root:So should this
DEBUG:root:This message should go to the log file
INFO:root:So should this
DEBUG:root:This message should go to the log file
INFO:root:So should this
DEBUG:root:This message should go to the log file
INFO:root:So should this
DEBUG:root:This message should go to the log file
INFO:root:So should this
DEBUG:root:This message should go to the log file
INFO:root:So should this
DEBUG:root:This message should go to the log file
INFO:root:So should this
DEBUG:root:This message should go to the log file
INFO:root:So should this
DEBUG:root:This message should go to the log file
INFO:root:So should this
DEBUG:root:This message should go to the log file
INFO:root:So should this
DEBUG:root:This message should go to the log file
INFO:root:So should this
DEBUG:root:This message should go to the log file
INFO:root:So should this
DEBUG:root:This message should go to the log file
INFO:root:So should this
DEBUG:root:This message should go to the log file
INFO:root:So should this
DEBUG:root:This message should go to the log file
INFO:root:So should this
DEBUG:root:This message should go to the log file
INFO:root:So should this
DEBUG:root:This message should go to the log file
INFO:root:So should this
DEBUG:root:This message should go to the log file
INFO:root:So should this
DEBUG:root:This message should go to the log file
INFO:root:So should this
DEBUG:root:This message should go to the log file
INFO:root:So should this
DEBUG:root:This message should go to the log file
INFO:root:So should this
DEBUG:root:This message should go to the log file
INFO:root:So should this
DEBUG:root:This message should go to the log file
INFO:root:So should this
DEBUG:root:This message should go to the log file
INFO:root:So should this
DEBUG:root:This message should go to the log file
INFO:root:So should this
DEBUG:root:This message should go to the log file
INFO:root:So should this
DEBUG:root:This message should go to the log file
INFO:root:So should this
DEBUG:root:This message should go to the log file
INFO:root:So should this
DEBUG:root:This message should go to the log file
INFO:root:So should this
DEBUG:root:This message should go to the log file
INFO:root:So should this
DEBUG:root:This message should go to the log file
INFO:root:So should this
DEBUG:root:This message should go to the log file
INFO:root:So should this
DEBUG:root:This message should go to the log file
INFO:root:So should this
DEBUG:root:This message should go to the log file
INFO:root:So should this
DEBUG:root:This message should go to the log file
INFO:root:So should this
DEBUG:root:This message should go to the log file
INFO:root:So should this
DEBUG:root:This message should go to the log file
INFO:root:So should this
DEBUG:root:This message should go to the log file
INFO:root:So should this
DEBUG:root:This message should go to the log file
INFO:root:So should this
DEBUG:root:This message should go to the log file
INFO:root:So should this
DEBUG:root:This message should go to the log file
INFO:root:So should this
DEBUG:root:This message should go to the log file
INFO:root:So should this
DEBUG:root:This message should go to the log file
INFO:root:So should this
DEBUG:root:This message should go to the log file
INFO:root:So should this
DEBUG:root:This message should go to the log file
INFO:root:So should this
DEBUG:root:This message should go to the log file
INFO:root:So should this
DEBUG:root:This message should go to the log file
INFO:root:So should this
DEBUG:root:This message should go to the log file
INFO:root:So should this
DEBUG:root:This message should go to the log file
INFO:root:So should this
DEBUG:root:This message should go to the log file
INFO:root:So should this
DEBUG:root:This message should go to the log file
INFO:root:So should this
DEBUG:root:This message should go to the log file
INFO:root:So should this
DEBUG:root:This message should go to the log file
INFO:root:So should this
DEBUG:root:This message should go to the log file
INFO:root:So should this
DEBUG:root:This message should go to the log file
INFO:root:So should this
DEBUG:root:This message should go to the log file
INFO:root:So should this
DEBUG:root:This message should go to the log file
INFO:root:So should this
DEBUG:root:This message should go to the log file
INFO:root:So should this
DEBUG:root:This message should go to the log file
INFO:root:So should this
DEBUG:root:This message should go to the log file
INFO:root:So should this
DEBUG:root:This message should go to the log file
INFO:root:So should this
DEBUG:root:This message should go to the log file
INFO:root:So should this
DEBUG:root:This message should go to the log file
INFO:root:So should this
DEBUG:root:This message should go to the log file
INFO:root:So should this
DEBUG:root:This message should go to the log file
INFO:root:So should this
DEBUG:root:This message should go to the log file
INFO:root:So should this
DEBUG:root:This message should go to the log file
INFO:root:So should this
DEBUG:root:This message should go to the log file
INFO:root:So should this
DEBUG:root:This message should go to the log file
INFO:root:So should this
DEBUG:root:This message should go to the log file
INFO:root:So should this
DEBUG:root:This message should go to the log file
INFO:root:So should this
DEBUG:root:This message should go to the log file
INFO:root:So should this
DEBUG:root:This message should go to the log file
INFO:root:So should this
DEBUG:root:This message should go to the log file
INFO:root:So should this
DEBUG:root:This message should go to the log file
INFO:root:So should this
DEBUG:root:This message should go to the log file
INFO:root:So should this
DEBUG:root:This message should go to the log file
INFO:root:So should this
DEBUG:root:This message should go to the log file
INFO:root:So should this
DEBUG:root:This message should go to the log file
INFO:root:So should this
DEBUG:root:This message should go to the log file
INFO:root:So should this
DEBUG:root:This message should go to the log file
INFO:root:So should this
DEBUG:root:This message should go to the log file
INFO:root:So should this
DEBUG:root:This message should go to the log file
INFO:root:So should this
DEBUG:root:This message should go to the log file
INFO:root:So should this
DEBUG:root:This message should go to the log file
INFO:root:So should this
DEBUG:root:This message should go to the log file
INFO:root:So should this
DEBUG:root:This message should go to the log file
INFO:root:So should this
DEBUG:root:This message should go to the log file
INFO:root:So should this
DEBUG:root:This message should go to the log file
INFO:root:So should this
DEBUG:root:This message should go to the log file
INFO:root:So should this
DEBUG:root:This message should go to the log file
INFO:root:So should this
DEBUG:root:This message should go to the log file
INFO:root:So should this
DEBUG:root:This message should go to the log file
INFO:root:So should this
DEBUG:root:This message should go to the log file
INFO:root:So should this
DEBUG:root:This message should go to the log file
INFO:root:So should this
DEBUG:root:This message should go to the log file
INFO:root:So should this
DEBUG:root:This message should go to the log file
INFO:root:So should this
DEBUG:root:This message should go to the log file
INFO:root:So should this
DEBUG:root:This message should go to the log file
INFO:root:So should this
DEBUG:root:This message should go to the log file
INFO:root:So should this
DEBUG:root:This message should go to the log file
INFO:root:So should this
DEBUG:root:This message should go to the log file
INFO:root:So should this
DEBUG:root:This message should go to the log file
INFO:root:So should this
DEBUG:root:This message should go to the log file
INFO:root:So should this
DEBUG:root:This message should go to the log file
INFO:root:So should this
DEBUG:root:This message should go to the log file
INFO:root:So should this
DEBUG:root:This message should go to the log file
INFO:root:So should this
DEBUG:root:This message should go to the log file
INFO:root:So should this
DEBUG:root:This message should go to the log file
INFO:root:So should this
DEBUG:root:This message should go to the log file
INFO:root:So should this
DEBUG:root:This message should go to the log file
INFO:root:So should this
DEBUG:root:This message should go to the log file
INFO:root:So should this
DEBUG:root:This message should go to the log file
INFO:root:So should this
DEBUG:root:This message should go to the log file
INFO:root:So should this
DEBUG:root:This message should go to the log file
INFO:root:So should this
DEBUG:root:This message should go to the log file
INFO:root:So should this
DEBUG:root:This message should go to the log file
INFO:root:So should this
DEBUG:root:This message should go to the log file
INFO:root:So should this
DEBUG:root:This message should go to the log file
INFO:root:So should this
DEBUG:root:This message should go to the log file
INFO:root:So should this
DEBUG:root:This message should go to the log file
INFO:root:So should this
DEBUG:root:This message should go to the log file
INFO:root:So should this
DEBUG:root:This message should go to the log file
INFO:root:So should this
DEBUG:root:This message should go to the log file
INFO:root:So should this
DEBUG:root:This message should go to the log file
INFO:root:So should this
DEBUG:root:This message should go to the log file
INFO:root:So should this
DEBUG:root:This message should go to the log file
INFO:root:So should this
DEBUG:root:This message should go to the log file
INFO:root:So should this
DEBUG:root:This message should go to the log file
INFO:root:So should this
DEBUG:root:This message should go to the log file
INFO:root:So should this
DEBUG:root:This message should go to the log file
INFO:root:So should this
DEBUG:root:This message should go to the log file
INFO:root:So should this
DEBUG:root:This message should go to the log file
INFO:root:So should this
DEBUG:root:This message should go to the log file
INFO:root:So should this
DEBUG:root:This message should go to the log file
INFO:root:So should this
DEBUG:root:This message should go to the log file
INFO:root:So should this
DEBUG:root:This message should go to the log file
INFO:root:So should this
DEBUG:root:This message should go to the log file
INFO:root:So should this
DEBUG:root:This message should go to the log file
INFO:root:So should this
DEBUG:root:This message should go to the log file
INFO:root:So should this
DEBUG:root:This message should go to the log file
INFO:root:So should this
DEBUG:root:This message should go to the log file
INFO:root:So should this
DEBUG:root:This message should go to the log file
INFO:root:So should this
DEBUG:root:This message should go to the log file
INFO:root:So should this
DEBUG:root:This message should go to the log file
INFO:root:So should this
DEBUG:root:This message should go to the log file
INFO:root:So should this
DEBUG:root:This message should go to the log file
INFO:root:So should this
DEBUG:root:This message should go to the log file
INFO:root:So should this
DEBUG:root:This message should go to the log file
INFO:root:So should this
DEBUG:root:This message should go to the log file
INFO:root:So should this
DEBUG:root:This message should go to the log file
INFO:root:So should this
DEBUG:root:This message should go to the log file
INFO:root:So should this
DEBUG:root:This message should go to the log file
INFO:root:So should this
DEBUG:root:This message should go to the log file
INFO:root:So should this
DEBUG:root:This message should go to the log file
INFO:root:So should this
DEBUG:root:This message should go to the log file
INFO:root:So should this
DEBUG:root:This message should go to the log file
INFO:root:So should this
DEBUG:root:This message should go to the log file
INFO:root:So should this
DEBUG:root:This message should go to the log file
INFO:root:So should this
DEBUG:root:This message should go to the log file
INFO:root:So should this
DEBUG:root:This message should go to the log file
INFO:root:So should this
DEBUG:root:This message should go to the log file
INFO:root:So should this
DEBUG:root:This message should go to the log file
INFO:root:So should this
DEBUG:root:This message should go to the log file
INFO:root:So should this
DEBUG:root:This message should go to the log file
INFO:root:So should this
DEBUG:root:This message should go to the log file
INFO:root:So should this
DEBUG:root:This message should go to the log file
INFO:root:So should this
DEBUG:root:This message should go to the log file
INFO:root:So should this
DEBUG:root:This message should go to the log file
INFO:root:So should this
DEBUG:root:This message should go to the log file
INFO:root:So should this
DEBUG:root:This message should go to the log file
INFO:root:So should this
DEBUG:root:This message should go to the log file
INFO:root:So should this
DEBUG:root:This message should go to the log file
INFO:root:So should this
DEBUG:root:This message should go to the log file
INFO:root:So should this
DEBUG:root:This message should go to the log file
INFO:root:So should this
DEBUG:root:This message should go to the log file
INFO:root:So should this
DEBUG:root:This message should go to the log file
INFO:root:So should this
DEBUG:root:This message should go to the log file
INFO:root:So should this
DEBUG:root:This message should go to the log file
INFO:root:So should this
DEBUG:root:This message should go to the log file
INFO:root:So should this
DEBUG:root:This message should go to the log file
INFO:root:So should this
DEBUG:root:This message should go to the log file
INFO:root:So should this
DEBUG:root:This message should go to the log file
INFO:root:So should this
DEBUG:root:This message should go to the log file
INFO:root:So should this
DEBUG:root:This message should go to the log file
INFO:root:So should this
DEBUG:root:This message should go to the log file
INFO:root:So should this
DEBUG:root:This message should go to the log file
INFO:root:So should this
DEBUG:root:This message should go to the log file
INFO:root:So should this
DEBUG:root:This message should go to the log file
INFO:root:So should this
DEBUG:root:This message should go to the log file
INFO:root:So should this
DEBUG:root:This message should go to the log file
INFO:root:So should this
DEBUG:root:This message should go to the log file
INFO:root:So should this
DEBUG:root:This message should go to the log file
INFO:root:So should this
DEBUG:root:This message should go to the log file
INFO:root:So should this
DEBUG:root:This message should go to the log file
INFO:root:So should this
DEBUG:root:This message should go to the log file
INFO:root:So should this
DEBUG:root:This message should go to the log file
INFO:root:So should this
DEBUG:root:This message should go to the log file
INFO:root:So should this
DEBUG:root:This message should go to the log file
INFO:root:So should this
DEBUG:root:This message should go to the log file
INFO:root:So should this
DEBUG:root:This message should go to the log file
INFO:root:So should this
DEBUG:root:This message should go to the log file
INFO:root:So should this
DEBUG:root:This message should go to the log file
INFO:root:So should this
DEBUG:root:This message should go to the log file
INFO:root:So should this
DEBUG:root:This message should go to the log file
INFO:root:So should this
DEBUG:root:This message should go to the log file
INFO:root:So should this
DEBUG:root:This message should go to the log file
INFO:root:So should this
DEBUG:root:This message should go to the log file
INFO:root:So should this
DEBUG:root:This message should go to the log file
INFO:root:So should this
DEBUG:root:This message should go to the log file
INFO:root:So should this
DEBUG:root:This message should go to the log file
INFO:root:So should this
DEBUG:root:This message should go to the log file
INFO:root:So should this
DEBUG:root:This message should go to the log file
INFO:root:So should this
DEBUG:root:This message should go to the log file
INFO:root:So should this
DEBUG:root:This message should go to the log file
INFO:root:So should this
DEBUG:root:This message should go to the log file
INFO:root:So should this
DEBUG:root:This message should go to the log file
INFO:root:So should this
DEBUG:root:This message should go to the log file
INFO:root:So should this
DEBUG:root:This message should go to the log file
INFO:root:So should this
DEBUG:root:This message should go to the log file
INFO:root:So should this
DEBUG:root:This message should go to the log file
INFO:root:So should this
DEBUG:root:This message should go to the log file
INFO:root:So should this
DEBUG:root:This message should go to the log file
INFO:root:So should this
DEBUG:root:This message should go to the log file
INFO:root:So should this
DEBUG:root:This message should go to the log file
INFO:root:So should this
DEBUG:root:This message should go to the log file
INFO:root:So should this
DEBUG:root:This message should go to the log file
INFO:root:So should this
DEBUG:root:This message should go to the log file
INFO:root:So should this
DEBUG:root:This message should go to the log file
INFO:root:So should this
DEBUG:root:This message should go to the log file
INFO:root:So should this
DEBUG:root:This message should go to the log file
INFO:root:So should this
DEBUG:root:This message should go to the log file
INFO:root:So should this
DEBUG:root:This message should go to the log file
INFO:root:So should this
DEBUG:root:This message should go to the log file
INFO:root:So should this
DEBUG:root:This message should go to the log file
INFO:root:So should this
DEBUG:root:This message should go to the log file
INFO:root:So should this
DEBUG:root:This message should go to the log file
INFO:root:So should this
DEBUG:root:This message should go to the log file
INFO:root:So should this
DEBUG:root:This message should go to the log file
INFO:root:So should this
DEBUG:root:This message should go to the log file
INFO:root:So should this
DEBUG:root:This message should go to the log file
INFO:root:So should this
DEBUG:root:This message should go to the log file
INFO:root:So should this
DEBUG:root:This message should go to the log file
INFO:root:So should this
DEBUG:root:This message should go to the log file
INFO:root:So should this
DEBUG:root:This message should go to the log file
INFO:root:So should this
DEBUG:root:This message should go to the log file
INFO:root:So should this
DEBUG:root:This message should go to the log file
INFO:root:So should this
DEBUG:root:This message should go to the log file
INFO:root:So should this
DEBUG:root:This message should go to the log file
INFO:root:So should this
DEBUG:root:This message should go to the log file
INFO:root:So should this
DEBUG:root:This message should go to the log file
INFO:root:So should this
DEBUG:root:This message should go to the log file
INFO:root:So should this
DEBUG:root:This message should go to the log file
INFO:root:So should this
DEBUG:root:This message should go to the log file
INFO:root:So should this
DEBUG:root:This message should go to the log file
INFO:root:So should this
DEBUG:root:This message should go to the log file
INFO:root:So should this
DEBUG:root:This message should go to the log file
INFO:root:So should this
DEBUG:root:This message should go to the log file
INFO:root:So should this
DEBUG:root:This message should go to the log file
INFO:root:So should this
DEBUG:root:This message should go to the log file
INFO:root:So should this
DEBUG:root:This message should go to the log file
INFO:root:So should this
DEBUG:root:This message should go to the log file
INFO:root:So should this
DEBUG:root:This message should go to the log file
INFO:root:So should this
DEBUG:root:This message should go to the log file
INFO:root:So should this
DEBUG:root:This message should go to the log file
INFO:root:So should this
DEBUG:root:This message should go to the log file
INFO:root:So should this
DEBUG:root:This message should go to the log file
INFO:root:So should this
DEBUG:root:This message should go to the log file
INFO:root:So should this
DEBUG:root:This message should go to the log file
INFO:root:So should this
DEBUG:root:This message should go to the log file
INFO:root:So should this
DEBUG:root:This message should go to the log file
INFO:root:So should this
DEBUG:root:This message should go to the log file
INFO:root:So should this
DEBUG:root:This message should go to the log file
INFO:root:So should this
DEBUG:root:This message should go to the log file
INFO:root:So should this
DEBUG:root:This message should go to the log file
INFO:root:So should this
DEBUG:root:This message should go to the log file
INFO:root:So should this
DEBUG:root:This message should go to the log file
INFO:root:So should this
DEBUG:root:This message should go to the log file
INFO:root:So should this
DEBUG:root:This message should go to the log file
INFO:root:So should this
DEBUG:root:This message should go to the log file
INFO:root:So should this
DEBUG:root:This message should go to the log file
INFO:root:So should this
DEBUG:root:This message should go to the log file
INFO:root:So should this
DEBUG:root:This message should go to the log file
INFO:root:So should this
DEBUG:root:This message should go to the log file
INFO:root:So should this
DEBUG:root:This message should go to the log file
INFO:root:So should this
DEBUG:root:This message should go to the log file
INFO:root:So should this
DEBUG:root:This message should go to the log file
INFO:root:So should this
DEBUG:root:This message should go to the log file
INFO:root:So should this
DEBUG:root:This message should go to the log file
INFO:root:So should this
DEBUG:root:This message should go to the log file
INFO:root:So should this
DEBUG:root:This message should go to the log file
INFO:root:So should this
DEBUG:root:0: accuracy:0.13 loss: 230.259
DEBUG:root:0: ********* epoch 1 ********* test accuracy:0.098 test loss: 230.26
DEBUG:root:10: accuracy:0.71 loss: 116.047
DEBUG:root:10: ********* epoch 1 ********* test accuracy:0.7385 test loss: 104.939
DEBUG:root:20: accuracy:0.82 loss: 72.7273
DEBUG:root:20: ********* epoch 1 ********* test accuracy:0.8404 test loss: 73.2284
DEBUG:root:30: accuracy:0.81 loss: 73.8484
DEBUG:root:30: ********* epoch 1 ********* test accuracy:0.854 test loss: 62.1077
DEBUG:root:40: accuracy:0.89 loss: 53.122
DEBUG:root:40: ********* epoch 1 ********* test accuracy:0.8639 test loss: 56.041
DEBUG:root:50: accuracy:0.87 loss: 52.5961
DEBUG:root:50: ********* epoch 1 ********* test accuracy:0.8688 test loss: 52.7336
DEBUG:root:60: accuracy:0.94 loss: 33.6366
DEBUG:root:70: accuracy:0.86 loss: 54.622
DEBUG:root:80: accuracy:0.9 loss: 36.9082
DEBUG:root:90: accuracy:0.92 loss: 35.8698
DEBUG:root:100: accuracy:0.88 loss: 42.1729
DEBUG:root:100: ********* epoch 1 ********* test accuracy:0.878 test loss: 44.6288
DEBUG:root:110: accuracy:0.94 loss: 29.8854
DEBUG:root:120: accuracy:0.88 loss: 38.7124
DEBUG:root:130: accuracy:0.76 loss: 72.3551
DEBUG:root:140: accuracy:0.85 loss: 48.6929
DEBUG:root:150: accuracy:0.94 loss: 28.3555
DEBUG:root:150: ********* epoch 1 ********* test accuracy:0.8945 test loss: 39.2037
DEBUG:root:160: accuracy:0.85 loss: 48.7612
DEBUG:root:170: accuracy:0.87 loss: 45.761
DEBUG:root:180: accuracy:0.93 loss: 34.4286
DEBUG:root:190: accuracy:0.89 loss: 41.605
DEBUG:root:200: accuracy:0.82 loss: 51.3468
DEBUG:root:200: ********* epoch 1 ********* test accuracy:0.8932 test loss: 38.4061
DEBUG:root:210: accuracy:0.87 loss: 42.4396
DEBUG:root:220: accuracy:0.95 loss: 24.885
DEBUG:root:230: accuracy:0.88 loss: 44.3542
DEBUG:root:240: accuracy:0.9 loss: 35.4632
DEBUG:root:250: accuracy:0.91 loss: 30.1606
DEBUG:root:250: ********* epoch 1 ********* test accuracy:0.9042 test loss: 35.7322
DEBUG:root:260: accuracy:0.92 loss: 25.6107
DEBUG:root:270: accuracy:0.94 loss: 23.1819
DEBUG:root:280: accuracy:0.94 loss: 20.0334
DEBUG:root:290: accuracy:0.92 loss: 35.3352
DEBUG:root:300: accuracy:0.86 loss: 41.4841
DEBUG:root:300: ********* epoch 1 ********* test accuracy:0.9021 test loss: 35.0592
DEBUG:root:310: accuracy:0.91 loss: 36.933
DEBUG:root:320: accuracy:0.87 loss: 36.5265
DEBUG:root:330: accuracy:0.88 loss: 37.2532
DEBUG:root:340: accuracy:0.94 loss: 31.2743
DEBUG:root:350: accuracy:0.95 loss: 24.2613
DEBUG:root:350: ********* epoch 1 ********* test accuracy:0.9095 test loss: 33.3405
DEBUG:root:360: accuracy:0.86 loss: 43.3645
DEBUG:root:370: accuracy:0.87 loss: 39.0072
DEBUG:root:380: accuracy:0.89 loss: 35.0709
DEBUG:root:390: accuracy:0.97 loss: 22.7463
DEBUG:root:400: accuracy:0.91 loss: 30.5829
DEBUG:root:400: ********* epoch 1 ********* test accuracy:0.9052 test loss: 33.5803
DEBUG:root:410: accuracy:0.91 loss: 38.3717
DEBUG:root:420: accuracy:0.9 loss: 37.6766
DEBUG:root:430: accuracy:0.87 loss: 38.7661
DEBUG:root:440: accuracy:0.91 loss: 25.1525
DEBUG:root:450: accuracy:0.87 loss: 54.4691
DEBUG:root:450: ********* epoch 1 ********* test accuracy:0.9056 test loss: 33.2585
DEBUG:root:460: accuracy:0.87 loss: 47.6328
DEBUG:root:470: accuracy:0.9 loss: 30.1552
DEBUG:root:480: accuracy:0.95 loss: 26.4318
DEBUG:root:490: accuracy:0.83 loss: 60.5155
DEBUG:root:500: accuracy:0.87 loss: 38.086
DEBUG:root:500: ********* epoch 1 ********* test accuracy:0.9086 test loss: 32.3443
DEBUG:root:510: accuracy:0.94 loss: 20.3771
DEBUG:root:520: accuracy:0.87 loss: 42.6009
DEBUG:root:530: accuracy:0.89 loss: 30.3182
DEBUG:root:540: accuracy:0.86 loss: 42.885
DEBUG:root:550: accuracy:0.92 loss: 29.2325
DEBUG:root:550: ********* epoch 1 ********* test accuracy:0.9098 test loss: 32.1769
DEBUG:root:560: accuracy:0.94 loss: 24.3376
DEBUG:root:570: accuracy:0.95 loss: 32.3015
DEBUG:root:580: accuracy:0.94 loss: 24.7587
DEBUG:root:590: accuracy:0.99 loss: 9.6669
DEBUG:root:600: accuracy:0.87 loss: 38.8911
DEBUG:root:600: ********* epoch 2 ********* test accuracy:0.907 test loss: 32.3962
DEBUG:root:610: accuracy:0.86 loss: 35.7955
DEBUG:root:620: accuracy:0.93 loss: 25.9592
DEBUG:root:630: accuracy:0.88 loss: 47.989
DEBUG:root:640: accuracy:0.97 loss: 15.7158
DEBUG:root:650: accuracy:0.88 loss: 41.3861
DEBUG:root:650: ********* epoch 2 ********* test accuracy:0.9106 test loss: 31.4187
DEBUG:root:660: accuracy:0.87 loss: 33.8925
DEBUG:root:670: accuracy:0.87 loss: 34.7309
DEBUG:root:680: accuracy:0.95 loss: 23.8283
DEBUG:root:690: accuracy:0.93 loss: 24.7434
DEBUG:root:700: accuracy:0.89 loss: 36.6485
DEBUG:root:700: ********* epoch 2 ********* test accuracy:0.9136 test loss: 30.7715
DEBUG:root:710: accuracy:0.94 loss: 25.869
DEBUG:root:720: accuracy:0.91 loss: 29.7544
DEBUG:root:730: accuracy:0.92 loss: 32.5437
DEBUG:root:740: accuracy:0.96 loss: 18.6985
DEBUG:root:750: accuracy:0.96 loss: 21.4863
DEBUG:root:750: ********* epoch 2 ********* test accuracy:0.9151 test loss: 30.3285
DEBUG:root:760: accuracy:0.93 loss: 33.4106
DEBUG:root:770: accuracy:0.93 loss: 23.358
DEBUG:root:780: accuracy:0.9 loss: 29.341
DEBUG:root:790: accuracy:0.92 loss: 25.538
DEBUG:root:800: accuracy:0.88 loss: 36.5634
DEBUG:root:800: ********* epoch 2 ********* test accuracy:0.9161 test loss: 30.2456
DEBUG:root:810: accuracy:0.93 loss: 25.8649
DEBUG:root:820: accuracy:0.9 loss: 25.3507
DEBUG:root:830: accuracy:0.9 loss: 37.5769
DEBUG:root:840: accuracy:0.89 loss: 39.3747
DEBUG:root:850: accuracy:0.88 loss: 38.193
DEBUG:root:850: ********* epoch 2 ********* test accuracy:0.9157 test loss: 30.1649
DEBUG:root:860: accuracy:0.91 loss: 27.3959
DEBUG:root:870: accuracy:0.91 loss: 31.6164
DEBUG:root:880: accuracy:0.95 loss: 23.7828
DEBUG:root:890: accuracy:0.88 loss: 35.8923
DEBUG:root:900: accuracy:0.91 loss: 32.2611
DEBUG:root:900: ********* epoch 2 ********* test accuracy:0.9165 test loss: 30.2641
DEBUG:root:910: accuracy:0.89 loss: 33.5858
DEBUG:root:920: accuracy:0.9 loss: 36.2398
DEBUG:root:930: accuracy:0.91 loss: 35.7373
DEBUG:root:940: accuracy:0.92 loss: 26.3521
DEBUG:root:950: accuracy:0.94 loss: 26.9244
DEBUG:root:950: ********* epoch 2 ********* test accuracy:0.9181 test loss: 29.8329
DEBUG:root:960: accuracy:0.94 loss: 26.4547
DEBUG:root:970: accuracy:0.88 loss: 40.7349
DEBUG:root:980: accuracy:0.91 loss: 44.4886
DEBUG:root:990: accuracy:0.91 loss: 22.8966
DEBUG:root:1000: accuracy:0.93 loss: 21.5144
DEBUG:root:1000: ********* epoch 2 ********* test accuracy:0.9168 test loss: 29.5983
DEBUG:root:1010: accuracy:0.88 loss: 43.4439
DEBUG:root:1020: accuracy:0.88 loss: 32.7075
DEBUG:root:1030: accuracy:0.87 loss: 43.5567
DEBUG:root:1040: accuracy:0.93 loss: 29.8762
DEBUG:root:1050: accuracy:0.96 loss: 14.6509
DEBUG:root:1050: ********* epoch 2 ********* test accuracy:0.9167 test loss: 29.5005
DEBUG:root:1060: accuracy:0.96 loss: 15.3921
DEBUG:root:1070: accuracy:0.93 loss: 25.8011
DEBUG:root:1080: accuracy:0.95 loss: 27.238
DEBUG:root:1090: accuracy:0.95 loss: 20.6687
DEBUG:root:1100: accuracy:0.93 loss: 28.3938
DEBUG:root:1100: ********* epoch 2 ********* test accuracy:0.919 test loss: 29.0387
DEBUG:root:1110: accuracy:0.97 loss: 12.4481
DEBUG:root:1120: accuracy:0.9 loss: 35.1134
DEBUG:root:1130: accuracy:0.9 loss: 32.7333
DEBUG:root:1140: accuracy:0.92 loss: 29.0515
DEBUG:root:1150: accuracy:0.89 loss: 35.9398
DEBUG:root:1150: ********* epoch 2 ********* test accuracy:0.9165 test loss: 29.748
DEBUG:root:1160: accuracy:0.94 loss: 19.7517
DEBUG:root:1170: accuracy:0.97 loss: 14.3872
DEBUG:root:1180: accuracy:0.94 loss: 20.5093
DEBUG:root:1190: accuracy:0.95 loss: 31.0773
DEBUG:root:1200: accuracy:0.95 loss: 22.555
DEBUG:root:1200: ********* epoch 3 ********* test accuracy:0.9171 test loss: 29.0093
DEBUG:root:1210: accuracy:0.94 loss: 26.7239
DEBUG:root:1220: accuracy:0.89 loss: 61.3433
DEBUG:root:1230: accuracy:0.96 loss: 17.9939
DEBUG:root:1240: accuracy:0.94 loss: 29.4506
DEBUG:root:1250: accuracy:0.96 loss: 22.6224
DEBUG:root:1250: ********* epoch 3 ********* test accuracy:0.9161 test loss: 28.9996
DEBUG:root:1260: accuracy:0.91 loss: 33.458
DEBUG:root:1270: accuracy:0.95 loss: 30.3113
DEBUG:root:1280: accuracy:0.9 loss: 33.3737
DEBUG:root:1290: accuracy:0.95 loss: 20.3567
DEBUG:root:1300: accuracy:0.87 loss: 48.4266
DEBUG:root:1300: ********* epoch 3 ********* test accuracy:0.9163 test loss: 29.5671
DEBUG:root:1310: accuracy:0.88 loss: 49.6447
DEBUG:root:1320: accuracy:0.94 loss: 24.6851
DEBUG:root:1330: accuracy:0.91 loss: 31.8367
DEBUG:root:1340: accuracy:0.91 loss: 45.6768
DEBUG:root:1350: accuracy:0.87 loss: 43.4782
DEBUG:root:1350: ********* epoch 3 ********* test accuracy:0.9182 test loss: 28.7241
DEBUG:root:1360: accuracy:0.96 loss: 24.1507
DEBUG:root:1370: accuracy:0.96 loss: 19.1955
DEBUG:root:1380: accuracy:0.94 loss: 20.4223
DEBUG:root:1390: accuracy:0.88 loss: 56.6055
DEBUG:root:1400: accuracy:0.93 loss: 32.3659
DEBUG:root:1400: ********* epoch 3 ********* test accuracy:0.9193 test loss: 28.8843
DEBUG:root:1410: accuracy:0.86 loss: 33.7084
DEBUG:root:1420: accuracy:0.94 loss: 21.4732
DEBUG:root:1430: accuracy:0.91 loss: 30.7967
DEBUG:root:1440: accuracy:0.93 loss: 22.0231
DEBUG:root:1450: accuracy:0.93 loss: 31.9423
DEBUG:root:1450: ********* epoch 3 ********* test accuracy:0.9196 test loss: 28.7568
DEBUG:root:1460: accuracy:0.91 loss: 27.9196
DEBUG:root:1470: accuracy:0.89 loss: 35.6489
DEBUG:root:1480: accuracy:0.93 loss: 24.5679
DEBUG:root:1490: accuracy:0.92 loss: 28.6872
DEBUG:root:1500: accuracy:0.92 loss: 33.2016
DEBUG:root:1500: ********* epoch 3 ********* test accuracy:0.919 test loss: 28.6974
DEBUG:root:1510: accuracy:0.92 loss: 26.3587
DEBUG:root:1520: accuracy:0.9 loss: 36.1699
DEBUG:root:1530: accuracy:0.92 loss: 38.9473
DEBUG:root:1540: accuracy:0.95 loss: 26.5104
DEBUG:root:1550: accuracy:0.9 loss: 38.1168
DEBUG:root:1550: ********* epoch 3 ********* test accuracy:0.9189 test loss: 29.1806
DEBUG:root:1560: accuracy:0.93 loss: 30.7706
DEBUG:root:1570: accuracy:0.94 loss: 22.9615
DEBUG:root:1580: accuracy:0.94 loss: 21.1095
DEBUG:root:1590: accuracy:0.96 loss: 15.5467
DEBUG:root:1600: accuracy:0.94 loss: 21.694
DEBUG:root:1600: ********* epoch 3 ********* test accuracy:0.9199 test loss: 29.0446
DEBUG:root:1610: accuracy:0.91 loss: 32.3145
DEBUG:root:1620: accuracy:0.9 loss: 24.3302
DEBUG:root:1630: accuracy:0.9 loss: 34.3538
DEBUG:root:1640: accuracy:0.9 loss: 36.3869
DEBUG:root:1650: accuracy:0.89 loss: 41.8635
DEBUG:root:1650: ********* epoch 3 ********* test accuracy:0.9202 test loss: 28.4759
DEBUG:root:1660: accuracy:0.9 loss: 33.2629
DEBUG:root:1670: accuracy:0.92 loss: 33.3631
DEBUG:root:1680: accuracy:0.86 loss: 51.0799
DEBUG:root:1690: accuracy:0.92 loss: 27.1988
DEBUG:root:1700: accuracy:0.94 loss: 20.4741
DEBUG:root:1700: ********* epoch 3 ********* test accuracy:0.9187 test loss: 28.6457
DEBUG:root:1710: accuracy:0.95 loss: 22.9973
DEBUG:root:1720: accuracy:0.94 loss: 20.0591
DEBUG:root:1730: accuracy:0.92 loss: 30.9584
DEBUG:root:1740: accuracy:0.89 loss: 41.0888
DEBUG:root:1750: accuracy:0.96 loss: 13.1032
DEBUG:root:1750: ********* epoch 3 ********* test accuracy:0.9192 test loss: 28.6983
DEBUG:root:1760: accuracy:0.9 loss: 35.9424
DEBUG:root:1770: accuracy:0.93 loss: 29.7833
DEBUG:root:1780: accuracy:0.89 loss: 29.538
DEBUG:root:1790: accuracy:0.88 loss: 42.9921
DEBUG:root:1800: accuracy:0.96 loss: 23.2888
DEBUG:root:1800: ********* epoch 4 ********* test accuracy:0.9206 test loss: 28.2975
DEBUG:root:1810: accuracy:0.9 loss: 37.0437
DEBUG:root:1820: accuracy:0.91 loss: 33.3126
DEBUG:root:1830: accuracy:0.93 loss: 23.2123
DEBUG:root:1840: accuracy:0.96 loss: 16.0233
DEBUG:root:1850: accuracy:0.97 loss: 25.0136
DEBUG:root:1850: ********* epoch 4 ********* test accuracy:0.9188 test loss: 28.4719
DEBUG:root:1860: accuracy:0.95 loss: 19.9136
DEBUG:root:1870: accuracy:0.95 loss: 22.4356
DEBUG:root:1880: accuracy:0.97 loss: 13.4224
DEBUG:root:1890: accuracy:0.93 loss: 25.0869
DEBUG:root:1900: accuracy:0.93 loss: 30.4357
DEBUG:root:1900: ********* epoch 4 ********* test accuracy:0.9209 test loss: 28.2824
DEBUG:root:1910: accuracy:0.83 loss: 41.707
DEBUG:root:1920: accuracy:0.89 loss: 37.6249
DEBUG:root:1930: accuracy:0.89 loss: 44.1871
DEBUG:root:1940: accuracy:0.93 loss: 36.1562
DEBUG:root:1950: accuracy:0.95 loss: 35.8769
DEBUG:root:1950: ********* epoch 4 ********* test accuracy:0.9202 test loss: 28.3738
DEBUG:root:1960: accuracy:0.87 loss: 44.4375
DEBUG:root:1970: accuracy:0.9 loss: 32.3655
DEBUG:root:1980: accuracy:0.88 loss: 30.1962
DEBUG:root:1990: accuracy:0.94 loss: 23.494
DEBUG:root:2001: accuracy:0.95 loss: 18.1374
DEBUG:root:2001: ********* epoch 4 ********* test accuracy:0.9199 test loss: 28.0347
